<?xml version="1.0" encoding="UTF-8"?>
<!-- Generated by org.testng.reporters.JUnitXMLReporter -->
<testsuite ignored="0" hostname="Anusuya" failures="1" tests="3" name="Default test" time="1.194" errors="0" timestamp="2024-04-29T16:37:47 IST">
  <testcase classname="testngExamplePrograms.Example" name="test3" time="0.011"/>
  <testcase classname="testngExamplePrograms.Example" name="test2" time="1.032">
    <failure type="org.testng.internal.thread.ThreadTimeoutException" message="Method testngExamplePrograms.Example.test2() didn&amp;apos;t finish within the time-out 1000">
      <![CDATA[org.testng.internal.thread.ThreadTimeoutException: Method testngExamplePrograms.Example.test2() didn't finish within the time-out 1000
at java.base@17.0.6/java.lang.Thread.sleep(Native Method)
at app//testngExamplePrograms.Example.test2(Example.java:26)
at java.base@17.0.6/jdk.internal.reflect.NativeMethodAccessorImpl.invoke0(Native Method)
at java.base@17.0.6/jdk.internal.reflect.NativeMethodAccessorImpl.invoke(NativeMethodAccessorImpl.java:77)
at java.base@17.0.6/jdk.internal.reflect.DelegatingMethodAccessorImpl.invoke(DelegatingMethodAccessorImpl.java:43)
at java.base@17.0.6/java.lang.reflect.Method.invoke(Method.java:568)
at app//org.testng.internal.invokers.MethodInvocationHelper.invokeMethod(MethodInvocationHelper.java:139)
at app//org.testng.internal.invokers.InvokeMethodRunnable.runOne(InvokeMethodRunnable.java:47)
at app//org.testng.internal.invokers.InvokeMethodRunnable.call(InvokeMethodRunnable.java:76)
at app//org.testng.internal.invokers.InvokeMethodRunnable.call(InvokeMethodRunnable.java:11)
at java.base@17.0.6/java.util.concurrent.FutureTask.run(FutureTask.java:264)
at java.base@17.0.6/java.util.concurrent.ThreadPoolExecutor.runWorker(ThreadPoolExecutor.java:1136)
at java.base@17.0.6/java.util.concurrent.ThreadPoolExecutor$Worker.run(ThreadPoolExecutor.java:635)
at java.base@17.0.6/java.lang.Thread.run(Thread.java:833)
]]>
    </failure>
  </testcase> <!-- test2 -->
  <testcase classname="testngExamplePrograms.Example" name="test1" time="0.003"/>
</testsuite> <!-- Default test -->
